# JRE version: Java(TM) SE Runtime Environment (8.0_65-b17) (build 1.8.0_65-b17)
# Java VM: Java HotSpot(TM) 64-Bit Server VM (25.65-b01 mixed mode windows-amd64 compressed oops)
Heap:
 PSYoungGen      total 139776K, used 102180K [0x00000000d5f00000, 0x00000000dfa80000, 0x0000000100000000)
  eden space 129536K, 71% used [0x00000000d5f00000,0x00000000db995890,0x00000000ddd80000)
  from space 10240K, 92% used [0x00000000ddd80000,0x00000000de6b3790,0x00000000de780000)
  to   space 10752K, 0% used [0x00000000df000000,0x00000000df000000,0x00000000dfa80000)
 ParOldGen       total 67584K, used 11559K [0x0000000081c00000, 0x0000000085e00000, 0x00000000d5f00000)
  object space 67584K, 17% used [0x0000000081c00000,0x0000000082749f30,0x0000000085e00000)
 Metaspace       used 34012K, capacity 34358K, committed 34688K, reserved 1079296K
  class space    used 4032K, capacity 4130K, committed 4224K, reserved 1048576K
GC Heap History (10 events):
Event: 1.168 GC heap before
{Heap before GC invocations=4 (full 0):
 PSYoungGen      total 38400K, used 38378K [0x00000000d5f00000, 0x00000000daa00000, 0x0000000100000000)
  eden space 33280K, 100% used [0x00000000d5f00000,0x00000000d7f80000,0x00000000d7f80000)
  from space 5120K, 99% used [0x00000000d7f80000,0x00000000d847a860,0x00000000d8480000)
  to   space 5120K, 0% used [0x00000000da500000,0x00000000da500000,0x00000000daa00000)
 ParOldGen       total 87552K, used 6822K [0x0000000081c00000, 0x0000000087180000, 0x00000000d5f00000)
  object space 87552K, 7% used [0x0000000081c00000,0x00000000822a9a50,0x0000000087180000)
 Metaspace       used 19122K, capacity 19408K, committed 19584K, reserved 1067008K
  class space    used 2322K, capacity 2411K, committed 2432K, reserved 1048576K
Event: 1.173 GC heap after
Heap after GC invocations=4 (full 0):
 PSYoungGen      total 71680K, used 5088K [0x00000000d5f00000, 0x00000000daa00000, 0x0000000100000000)
  eden space 66560K, 0% used [0x00000000d5f00000,0x00000000d5f00000,0x00000000da000000)
  from space 5120K, 99% used [0x00000000da500000,0x00000000da9f8020,0x00000000daa00000)
  to   space 5120K, 0% used [0x00000000da000000,0x00000000da000000,0x00000000da500000)
 ParOldGen       total 87552K, used 8850K [0x0000000081c00000, 0x0000000087180000, 0x00000000d5f00000)
  object space 87552K, 10% used [0x0000000081c00000,0x00000000824a49d8,0x0000000087180000)
 Metaspace       used 19122K, capacity 19408K, committed 19584K, reserved 1067008K
  class space    used 2322K, capacity 2411K, committed 2432K, reserved 1048576K
}
Event: 1.599 GC heap before
{Heap before GC invocations=5 (full 0):
 PSYoungGen      total 71680K, used 70476K [0x00000000d5f00000, 0x00000000daa00000, 0x0000000100000000)
  eden space 66560K, 98% used [0x00000000d5f00000,0x00000000d9edb100,0x00000000da000000)
  from space 5120K, 99% used [0x00000000da500000,0x00000000da9f8020,0x00000000daa00000)
  to   space 5120K, 0% used [0x00000000da000000,0x00000000da000000,0x00000000da500000)
 ParOldGen       total 87552K, used 8850K [0x0000000081c00000, 0x0000000087180000, 0x00000000d5f00000)
  object space 87552K, 10% used [0x0000000081c00000,0x00000000824a49d8,0x0000000087180000)
 Metaspace       used 20833K, capacity 21072K, committed 21296K, reserved 1069056K
  class space    used 2563K, capacity 2639K, committed 2688K, reserved 1048576K
Event: 1.604 GC heap after
Heap after GC invocations=5 (full 0):
 PSYoungGen      total 71680K, used 5104K [0x00000000d5f00000, 0x00000000df500000, 0x0000000100000000)
  eden space 66560K, 0% used [0x00000000d5f00000,0x00000000d5f00000,0x00000000da000000)
  from space 5120K, 99% used [0x00000000da000000,0x00000000da4fc010,0x00000000da500000)
  to   space 10240K, 0% used [0x00000000deb00000,0x00000000deb00000,0x00000000df500000)
 ParOldGen       total 87552K, used 12027K [0x0000000081c00000, 0x0000000087180000, 0x00000000d5f00000)
  object space 87552K, 13% used [0x0000000081c00000,0x00000000827bef50,0x0000000087180000)
 Metaspace       used 20833K, capacity 21072K, committed 21296K, reserved 1069056K
  class space    used 2563K, capacity 2639K, committed 2688K, reserved 1048576K
}
Event: 1.604 GC heap before
{Heap before GC invocations=6 (full 1):
 PSYoungGen      total 71680K, used 5104K [0x00000000d5f00000, 0x00000000df500000, 0x0000000100000000)
  eden space 66560K, 0% used [0x00000000d5f00000,0x00000000d5f00000,0x00000000da000000)
  from space 5120K, 99% used [0x00000000da000000,0x00000000da4fc010,0x00000000da500000)
  to   space 10240K, 0% used [0x00000000deb00000,0x00000000deb00000,0x00000000df500000)
 ParOldGen       total 87552K, used 12027K [0x0000000081c00000, 0x0000000087180000, 0x00000000d5f00000)
  object space 87552K, 13% used [0x0000000081c00000,0x00000000827bef50,0x0000000087180000)
 Metaspace       used 20833K, capacity 21072K, committed 21296K, reserved 1069056K
  class space    used 2563K, capacity 2639K, committed 2688K, reserved 1048576K
Event: 1.630 GC heap after
Heap after GC invocations=6 (full 1):
 PSYoungGen      total 71680K, used 0K [0x00000000d5f00000, 0x00000000df500000, 0x0000000100000000)
  eden space 66560K, 0% used [0x00000000d5f00000,0x00000000d5f00000,0x00000000da000000)
  from space 5120K, 0% used [0x00000000da000000,0x00000000da000000,0x00000000da500000)
  to   space 10240K, 0% used [0x00000000deb00000,0x00000000deb00000,0x00000000df500000)
 ParOldGen       total 67584K, used 11543K [0x0000000081c00000, 0x0000000085e00000, 0x00000000d5f00000)
  object space 67584K, 17% used [0x0000000081c00000,0x0000000082745f30,0x0000000085e00000)
 Metaspace       used 20833K, capacity 21072K, committed 21296K, reserved 1069056K
  class space    used 2563K, capacity 2639K, committed 2688K, reserved 1048576K
}
Event: 2.318 GC heap before
{Heap before GC invocations=7 (full 1):
 PSYoungGen      total 71680K, used 66560K [0x00000000d5f00000, 0x00000000df500000, 0x0000000100000000)
  eden space 66560K, 100% used [0x00000000d5f00000,0x00000000da000000,0x00000000da000000)
  from space 5120K, 0% used [0x00000000da000000,0x00000000da000000,0x00000000da500000)
  to   space 10240K, 0% used [0x00000000deb00000,0x00000000deb00000,0x00000000df500000)
 ParOldGen       total 67584K, used 11543K [0x0000000081c00000, 0x0000000085e00000, 0x00000000d5f00000)
  object space 67584K, 17% used [0x0000000081c00000,0x0000000082745f30,0x0000000085e00000)
 Metaspace       used 25896K, capacity 26184K, committed 26624K, reserved 1073152K
  class space    used 3163K, capacity 3251K, committed 3328K, reserved 1048576K
Event: 2.323 GC heap after
Heap after GC invocations=7 (full 1):
 PSYoungGen      total 103424K, used 6501K [0x00000000d5f00000, 0x00000000df180000, 0x0000000100000000)
  eden space 96768K, 0% used [0x00000000d5f00000,0x00000000d5f00000,0x00000000dbd80000)
  from space 6656K, 97% used [0x00000000deb00000,0x00000000df159728,0x00000000df180000)
  to   space 10240K, 0% used [0x00000000ddd80000,0x00000000ddd80000,0x00000000de780000)
 ParOldGen       total 67584K, used 11551K [0x0000000081c00000, 0x0000000085e00000, 0x00000000d5f00000)
  object space 67584K, 17% used [0x0000000081c00000,0x0000000082747f30,0x0000000085e00000)
 Metaspace       used 25896K, capacity 26184K, committed 26624K, reserved 1073152K
  class space    used 3163K, capacity 3251K, committed 3328K, reserved 1048576K
}
Event: 3.116 GC heap before
{Heap before GC invocations=8 (full 1):
 PSYoungGen      total 103424K, used 103269K [0x00000000d5f00000, 0x00000000df180000, 0x0000000100000000)
  eden space 96768K, 100% used [0x00000000d5f00000,0x00000000dbd80000,0x00000000dbd80000)
  from space 6656K, 97% used [0x00000000deb00000,0x00000000df159728,0x00000000df180000)
  to   space 10240K, 0% used [0x00000000ddd80000,0x00000000ddd80000,0x00000000de780000)
 ParOldGen       total 67584K, used 11551K [0x0000000081c00000, 0x0000000085e00000, 0x00000000d5f00000)
  object space 67584K, 17% used [0x0000000081c00000,0x0000000082747f30,0x0000000085e00000)
 Metaspace       used 28667K, capacity 29032K, committed 29568K, reserved 1075200K
  class space    used 3505K, capacity 3613K, committed 3712K, reserved 1048576K
Event: 3.123 GC heap after
Heap after GC invocations=8 (full 1):
 PSYoungGen      total 139776K, used 9421K [0x00000000d5f00000, 0x00000000dfa80000, 0x0000000100000000)
  eden space 129536K, 0% used [0x00000000d5f00000,0x00000000d5f00000,0x00000000ddd80000)
  from space 10240K, 92% used [0x00000000ddd80000,0x00000000de6b3790,0x00000000de780000)
  to   space 10752K, 0% used [0x00000000df000000,0x00000000df000000,0x00000000dfa80000)
 ParOldGen       total 67584K, used 11559K [0x0000000081c00000, 0x0000000085e00000, 0x00000000d5f00000)
  object space 67584K, 17% used [0x0000000081c00000,0x0000000082749f30,0x0000000085e00000)
 Metaspace       used 28667K, capacity 29032K, committed 29568K, reserved 1075200K
  class space    used 3505K, capacity 3613K, committed 3712K, reserved 1048576K
}

