# JRE version: Java(TM) SE Runtime Environment (8.0_65-b17) (build 1.8.0_65-b17)
# Java VM: Java HotSpot(TM) 64-Bit Server VM (25.65-b01 mixed mode windows-amd64 compressed oops)
Heap:
 PSYoungGen      total 140288K, used 97795K [0x00000000d5f00000, 0x00000000e0100000, 0x0000000100000000)
  eden space 130048K, 67% used [0x00000000d5f00000,0x00000000db50afd0,0x00000000dde00000)
  from space 10240K, 94% used [0x00000000dde00000,0x00000000de775ee0,0x00000000de800000)
  to   space 11264K, 0% used [0x00000000df600000,0x00000000df600000,0x00000000e0100000)
 ParOldGen       total 66560K, used 11553K [0x0000000081c00000, 0x0000000085d00000, 0x00000000d5f00000)
  object space 66560K, 17% used [0x0000000081c00000,0x00000000827486e8,0x0000000085d00000)
 Metaspace       used 33998K, capacity 34342K, committed 34688K, reserved 1079296K
  class space    used 4029K, capacity 4130K, committed 4224K, reserved 1048576K
GC Heap History (10 events):
Event: 1.306 GC heap before
{Heap before GC invocations=4 (full 0):
 PSYoungGen      total 38400K, used 38372K [0x00000000d5f00000, 0x00000000daa00000, 0x0000000100000000)
  eden space 33280K, 100% used [0x00000000d5f00000,0x00000000d7f80000,0x00000000d7f80000)
  from space 5120K, 99% used [0x00000000d7f80000,0x00000000d8479060,0x00000000d8480000)
  to   space 5120K, 0% used [0x00000000da500000,0x00000000da500000,0x00000000daa00000)
 ParOldGen       total 87552K, used 7099K [0x0000000081c00000, 0x0000000087180000, 0x00000000d5f00000)
  object space 87552K, 8% used [0x0000000081c00000,0x00000000822eece0,0x0000000087180000)
 Metaspace       used 19112K, capacity 19392K, committed 19584K, reserved 1067008K
  class space    used 2320K, capacity 2411K, committed 2432K, reserved 1048576K
Event: 1.311 GC heap after
Heap after GC invocations=4 (full 0):
 PSYoungGen      total 71680K, used 5104K [0x00000000d5f00000, 0x00000000daa00000, 0x0000000100000000)
  eden space 66560K, 0% used [0x00000000d5f00000,0x00000000d5f00000,0x00000000da000000)
  from space 5120K, 99% used [0x00000000da500000,0x00000000da9fc030,0x00000000daa00000)
  to   space 5120K, 0% used [0x00000000da000000,0x00000000da000000,0x00000000da500000)
 ParOldGen       total 87552K, used 8878K [0x0000000081c00000, 0x0000000087180000, 0x00000000d5f00000)
  object space 87552K, 10% used [0x0000000081c00000,0x00000000824ab840,0x0000000087180000)
 Metaspace       used 19112K, capacity 19392K, committed 19584K, reserved 1067008K
  class space    used 2320K, capacity 2411K, committed 2432K, reserved 1048576K
}
Event: 1.734 GC heap before
{Heap before GC invocations=5 (full 0):
 PSYoungGen      total 71680K, used 70420K [0x00000000d5f00000, 0x00000000daa00000, 0x0000000100000000)
  eden space 66560K, 98% used [0x00000000d5f00000,0x00000000d9ec9040,0x00000000da000000)
  from space 5120K, 99% used [0x00000000da500000,0x00000000da9fc030,0x00000000daa00000)
  to   space 5120K, 0% used [0x00000000da000000,0x00000000da000000,0x00000000da500000)
 ParOldGen       total 87552K, used 8878K [0x0000000081c00000, 0x0000000087180000, 0x00000000d5f00000)
  object space 87552K, 10% used [0x0000000081c00000,0x00000000824ab840,0x0000000087180000)
 Metaspace       used 20827K, capacity 21056K, committed 21296K, reserved 1069056K
  class space    used 2560K, capacity 2639K, committed 2688K, reserved 1048576K
Event: 1.739 GC heap after
Heap after GC invocations=5 (full 0):
 PSYoungGen      total 71680K, used 5088K [0x00000000d5f00000, 0x00000000df600000, 0x0000000100000000)
  eden space 66560K, 0% used [0x00000000d5f00000,0x00000000d5f00000,0x00000000da000000)
  from space 5120K, 99% used [0x00000000da000000,0x00000000da4f8020,0x00000000da500000)
  to   space 10752K, 0% used [0x00000000deb80000,0x00000000deb80000,0x00000000df600000)
 ParOldGen       total 87552K, used 12064K [0x0000000081c00000, 0x0000000087180000, 0x00000000d5f00000)
  object space 87552K, 13% used [0x0000000081c00000,0x00000000827c8270,0x0000000087180000)
 Metaspace       used 20827K, capacity 21056K, committed 21296K, reserved 1069056K
  class space    used 2560K, capacity 2639K, committed 2688K, reserved 1048576K
}
Event: 1.739 GC heap before
{Heap before GC invocations=6 (full 1):
 PSYoungGen      total 71680K, used 5088K [0x00000000d5f00000, 0x00000000df600000, 0x0000000100000000)
  eden space 66560K, 0% used [0x00000000d5f00000,0x00000000d5f00000,0x00000000da000000)
  from space 5120K, 99% used [0x00000000da000000,0x00000000da4f8020,0x00000000da500000)
  to   space 10752K, 0% used [0x00000000deb80000,0x00000000deb80000,0x00000000df600000)
 ParOldGen       total 87552K, used 12064K [0x0000000081c00000, 0x0000000087180000, 0x00000000d5f00000)
  object space 87552K, 13% used [0x0000000081c00000,0x00000000827c8270,0x0000000087180000)
 Metaspace       used 20827K, capacity 21056K, committed 21296K, reserved 1069056K
  class space    used 2560K, capacity 2639K, committed 2688K, reserved 1048576K
Event: 1.765 GC heap after
Heap after GC invocations=6 (full 1):
 PSYoungGen      total 71680K, used 0K [0x00000000d5f00000, 0x00000000df600000, 0x0000000100000000)
  eden space 66560K, 0% used [0x00000000d5f00000,0x00000000d5f00000,0x00000000da000000)
  from space 5120K, 0% used [0x00000000da000000,0x00000000da000000,0x00000000da500000)
  to   space 10752K, 0% used [0x00000000deb80000,0x00000000deb80000,0x00000000df600000)
 ParOldGen       total 66560K, used 11537K [0x0000000081c00000, 0x0000000085d00000, 0x00000000d5f00000)
  object space 66560K, 17% used [0x0000000081c00000,0x00000000827446e8,0x0000000085d00000)
 Metaspace       used 20827K, capacity 21056K, committed 21296K, reserved 1069056K
  class space    used 2560K, capacity 2639K, committed 2688K, reserved 1048576K
}
Event: 2.479 GC heap before
{Heap before GC invocations=7 (full 1):
 PSYoungGen      total 71680K, used 66560K [0x00000000d5f00000, 0x00000000df600000, 0x0000000100000000)
  eden space 66560K, 100% used [0x00000000d5f00000,0x00000000da000000,0x00000000da000000)
  from space 5120K, 0% used [0x00000000da000000,0x00000000da000000,0x00000000da500000)
  to   space 10752K, 0% used [0x00000000deb80000,0x00000000deb80000,0x00000000df600000)
 ParOldGen       total 66560K, used 11537K [0x0000000081c00000, 0x0000000085d00000, 0x00000000d5f00000)
  object space 66560K, 17% used [0x0000000081c00000,0x00000000827446e8,0x0000000085d00000)
 Metaspace       used 25892K, capacity 26168K, committed 26624K, reserved 1073152K
  class space    used 3161K, capacity 3251K, committed 3328K, reserved 1048576K
Event: 2.485 GC heap after
Heap after GC invocations=7 (full 1):
 PSYoungGen      total 105472K, used 6515K [0x00000000d5f00000, 0x00000000df200000, 0x0000000100000000)
  eden space 98816K, 0% used [0x00000000d5f00000,0x00000000d5f00000,0x00000000dbf80000)
  from space 6656K, 97% used [0x00000000deb80000,0x00000000df1dce70,0x00000000df200000)
  to   space 10240K, 0% used [0x00000000dde00000,0x00000000dde00000,0x00000000de800000)
 ParOldGen       total 66560K, used 11545K [0x0000000081c00000, 0x0000000085d00000, 0x00000000d5f00000)
  object space 66560K, 17% used [0x0000000081c00000,0x00000000827466e8,0x0000000085d00000)
 Metaspace       used 25892K, capacity 26168K, committed 26624K, reserved 1073152K
  class space    used 3161K, capacity 3251K, committed 3328K, reserved 1048576K
}
Event: 3.363 GC heap before
{Heap before GC invocations=8 (full 1):
 PSYoungGen      total 105472K, used 105331K [0x00000000d5f00000, 0x00000000df200000, 0x0000000100000000)
  eden space 98816K, 100% used [0x00000000d5f00000,0x00000000dbf80000,0x00000000dbf80000)
  from space 6656K, 97% used [0x00000000deb80000,0x00000000df1dce70,0x00000000df200000)
  to   space 10240K, 0% used [0x00000000dde00000,0x00000000dde00000,0x00000000de800000)
 ParOldGen       total 66560K, used 11545K [0x0000000081c00000, 0x0000000085d00000, 0x00000000d5f00000)
  object space 66560K, 17% used [0x0000000081c00000,0x00000000827466e8,0x0000000085d00000)
 Metaspace       used 28691K, capacity 29016K, committed 29568K, reserved 1075200K
  class space    used 3512K, capacity 3613K, committed 3712K, reserved 1048576K
Event: 3.369 GC heap after
Heap after GC invocations=8 (full 1):
 PSYoungGen      total 140288K, used 9687K [0x00000000d5f00000, 0x00000000e0100000, 0x0000000100000000)
  eden space 130048K, 0% used [0x00000000d5f00000,0x00000000d5f00000,0x00000000dde00000)
  from space 10240K, 94% used [0x00000000dde00000,0x00000000de775ee0,0x00000000de800000)
  to   space 11264K, 0% used [0x00000000df600000,0x00000000df600000,0x00000000e0100000)
 ParOldGen       total 66560K, used 11553K [0x0000000081c00000, 0x0000000085d00000, 0x00000000d5f00000)
  object space 66560K, 17% used [0x0000000081c00000,0x00000000827486e8,0x0000000085d00000)
 Metaspace       used 28691K, capacity 29016K, committed 29568K, reserved 1075200K
  class space    used 3512K, capacity 3613K, committed 3712K, reserved 1048576K
}

